app/build/outputs/logs/manifest-merger-debug-report.txt
-- Merging decision tree log ---
manifest
ADDED from AndroidManifest.xml:2:1
	package
		ADDED from AndroidManifest.xml:3:5
		INJECTED from AndroidManifest.xml:0:0
		INJECTED from AndroidManifest.xml:0:0
	android:versionName
		ADDED from AndroidManifest.xml:5:5
	android:versionCode
		ADDED from AndroidManifest.xml:4:5
		INJECTED from AndroidManifest.xml:0:0
		INJECTED from AndroidManifest.xml:0:0
	xmlns:android
		ADDED from AndroidManifest.xml:2:11
uses-sdk
ADDED from AndroidManifest.xml:7:5
	android:targetSdkVersion
		ADDED from AndroidManifest.xml:9:9
		INJECTED from AndroidManifest.xml:0:0
		INJECTED from AndroidManifest.xml:0:0
	android:minSdkVersion
		ADDED from AndroidManifest.xml:8:9
		INJECTED from AndroidManifest.xml:0:0
		INJECTED from AndroidManifest.xml:0:0
uses-permission#android.permission.RECORD_AUDIO
ADDED from AndroidManifest.xml:11:5
	android:name
		ADDED from AndroidManifest.xml:11:22
uses-permission#android.permission.WRITE_EXTERNAL_STORAGE
ADDED from AndroidManifest.xml:12:5
	android:name
		ADDED from AndroidManifest.xml:12:22
uses-permission#android.permission.INTERNET
ADDED from AndroidManifest.xml:13:5
	android:name
		ADDED from AndroidManifest.xml:13:22
uses-permission#android.permission.ACCESS_NETWORK_STATE
ADDED from AndroidManifest.xml:14:5
	android:name
		ADDED from AndroidManifest.xml:14:22
uses-permission#android.permission.READ_PHONE_STATE
ADDED from AndroidManifest.xml:15:5
	android:name
		ADDED from AndroidManifest.xml:15:22
uses-permission#android.permission.READ_EXTERNAL_STORAGE
ADDED from AndroidManifest.xml:16:5
	android:maxSdkVersion
		ADDED from AndroidManifest.xml:18:9
	android:name
		ADDED from AndroidManifest.xml:17:9
application
ADDED from AndroidManifest.xml:20:5
	android:label
		ADDED from AndroidManifest.xml:22:9
	android:icon
		ADDED from AndroidManifest.xml:21:9
uses-library#com.google.android.maps
ADDED from AndroidManifest.xml:23:9
	android:required
		ADDED from AndroidManifest.xml:25:13
	android:name
		ADDED from AndroidManifest.xml:24:13
activity#com.customer.example.GracenoteMusicID
ADDED from AndroidManifest.xml:27:9
	android:screenOrientation
		ADDED from AndroidManifest.xml:30:13
	android:label
		ADDED from AndroidManifest.xml:29:13
	android:name
		ADDED from AndroidManifest.xml:28:13
activity#com.customer.example.HistoryDetails
ADDED from AndroidManifest.xml:39:9
	android:screenOrientation
		ADDED from AndroidManifest.xml:41:13
	android:name
		ADDED from AndroidManifest.xml:40:13
service#com.customer.example.IdNowService
ADDED from AndroidManifest.xml:44:9
	android:name
		ADDED from AndroidManifest.xml:44:18
receiver#com.customer.example.IdNowWidgetProvider
ADDED from AndroidManifest.xml:47:9
	android:name
		ADDED from AndroidManifest.xml:47:19
intent-filter#android.appwidget.action.APPWIDGET_UPDATE+android.intent.category.ALTERNATIVE+android.intent.category.DEFAULT
ADDED from AndroidManifest.xml:48:13
action#android.appwidget.action.APPWIDGET_UPDATE
ADDED from AndroidManifest.xml:49:17
	android:name
		ADDED from AndroidManifest.xml:49:25
category#android.intent.category.DEFAULT
ADDED from AndroidManifest.xml:51:17
	android:name
		ADDED from AndroidManifest.xml:51:27
category#android.intent.category.ALTERNATIVE
ADDED from AndroidManifest.xml:52:17
	android:name
		ADDED from AndroidManifest.xml:52:27
intent-filter#com.customer.example.IdNowService.IDNOW
ADDED from AndroidManifest.xml:54:13
action#com.customer.example.IdNowService.IDNOW
ADDED from AndroidManifest.xml:55:17
	android:name
		ADDED from AndroidManifest.xml:55:25
intent-filter#com.customer.example.IdNowService.CANCEL
ADDED from AndroidManifest.xml:57:13
action#com.customer.example.IdNowService.CANCEL
ADDED from AndroidManifest.xml:58:17
	android:name
		ADDED from AndroidManifest.xml:58:25
meta-data#android.appwidget.provider
ADDED from AndroidManifest.xml:61:13
	android:resource
		ADDED from AndroidManifest.xml:63:17
	android:name
		ADDED from AndroidManifest.xml:62:17
activity#com.customer.example.MainActivity
ADDED from AndroidManifest.xml:66:9
	android:label
		ADDED from AndroidManifest.xml:68:13
	android:name
		ADDED from AndroidManifest.xml:67:13
intent-filter#android.intent.action.MAIN+android.intent.category.LAUNCHER
ADDED from AndroidManifest.xml:69:13
action#android.intent.action.MAIN
ADDED from AndroidManifest.xml:70:17
	android:name
		ADDED from AndroidManifest.xml:70:25
category#android.intent.category.LAUNCHER
ADDED from AndroidManifest.xml:72:17
	android:name
		ADDED from AndroidManifest.xml:72:27
activity#com.customer.example.ConcertListActivity
ADDED from AndroidManifest.xml:75:9
	android:label
		ADDED from AndroidManifest.xml:77:13
	android:name
		ADDED from AndroidManifest.xml:76:13
activity#com.customer.example.LoadVenueActivity
ADDED from AndroidManifest.xml:79:9
	android:label
		ADDED from AndroidManifest.xml:81:13
	android:name
		ADDED from AndroidManifest.xml:80:13